<?xml version="1.0" encoding="UTF-8"?>
<!-- Generated by org.testng.reporters.JUnitReportReporter -->
<testsuite hostname="BINTERNS-QA38L" failures="0" tests="19" name="MMT_Tests.Hotels_Test2" time="65.022" errors="0" timestamp="2023-05-01T13:59:28 IST" skipped="3">
  <testcase classname="MMT_Tests.Hotels_Test2" name="Hotels_Upto_button" time="2.237"/>
  <system-out/>
  <testcase classname="MMT_Tests.Hotels_Test2" name="City_button" time="3.097"/>
  <system-out/>
  <testcase classname="MMT_Tests.Hotels_Test2" name="City_drop" time="4.114"/>
  <system-out/>
  <testcase classname="MMT_Tests.Hotels_Test2" name="City_field" time="12.277"/>
  <system-out/>
  <testcase classname="MMT_Tests.Hotels_Test2" name="Checkin_dropdown" time="4.077"/>
  <system-out/>
  <testcase classname="MMT_Tests.Hotels_Test2" name="Checkout_dropdown" time="4.094"/>
  <system-out/>
  <testcase classname="MMT_Tests.Hotels_Test2" name="Rooms_button" time="4.080"/>
  <system-out/>
  <testcase classname="MMT_Tests.Hotels_Test2" name="Rooms_dropdown" time="3.090"/>
  <system-out/>
  <testcase classname="MMT_Tests.Hotels_Test2" name="Adults_button" time="4.079"/>
  <system-out/>
  <testcase classname="MMT_Tests.Hotels_Test2" name="Adults_dropdown" time="3.083"/>
  <system-out/>
  <testcase classname="MMT_Tests.Hotels_Test2" name="Children_button" time="4.073"/>
  <system-out/>
  <testcase classname="MMT_Tests.Hotels_Test2" name="Children_dropdown" time="2.081"/>
  <system-out/>
  <testcase classname="MMT_Tests.Hotels_Test2" name="Apply_button" time="2.088"/>
  <system-out/>
  <testcase classname="MMT_Tests.Hotels_Test2" name="Price_Per_Night" time="4.106"/>
  <system-out/>
  <testcase classname="MMT_Tests.Hotels_Test2" name="Price_dropdown" time="4.082"/>
  <system-out/>
  <testcase classname="MMT_Tests.Hotels_Test2" name="Search_button" time="4.364"/>
  <system-out/>
  <testcase classname="MMT_Tests.Hotels_Test2" name="Checkout_button">
    <skipped/>
  </testcase> <!-- Checkout_button -->
  <system-out/>
  <testcase classname="MMT_Tests.Hotels_Test2" name="Rooms_Guest_button">
    <skipped/>
  </testcase> <!-- Rooms_Guest_button -->
  <system-out/>
  <testcase classname="MMT_Tests.Hotels_Test2" name="Checkin_button">
    <skipped/>
  </testcase> <!-- Checkin_button -->
  <system-out/>
</testsuite> <!-- MMT_Tests.Hotels_Test2 -->
