<?xml version="1.0" encoding="UTF-8"?>
<!-- Generated by org.testng.reporters.JUnitReportReporter -->
<testsuite hostname="BINTERNS-QA38L" failures="0" tests="1" name="Boat_Tests.Homepage_Test1" time="5.456" errors="0" timestamp="2023-05-05T11:31:52 IST" skipped="0">
  <testcase classname="Boat_Tests.Homepage_Test1" name="GiftWithBoat" time="5.456"/>
  <system-out/>
</testsuite> <!-- Boat_Tests.Homepage_Test1 -->
